# Logfile created on Sat Aug 20 23:17:52 +0100 2011 by logger.rb/22285
REQUESTING PAGE: POST /users/sign_in with {"commit"=>"Sign in", "utf8"=>"\342\234\223", "user"=>{"company_id"=>"one", "password"=>"password123", "email"=>"foo1@foo.com"}} and HTTP headers {}
REQUESTING PAGE: POST /users/sign_in with {"commit"=>"Sign in", "utf8"=>"\342\234\223", "user"=>{"company_id"=>"one", "password"=>"password123", "email"=>"foo3@foo.com"}} and HTTP headers {}
REQUESTING PAGE: POST /users/sign_in with {"commit"=>"Sign in", "utf8"=>"\342\234\223", "user"=>{"company_id"=>"one", "password"=>"password123", "email"=>"foo1@foo.com"}} and HTTP headers {}
REQUESTING PAGE: POST /users/sign_in with {"commit"=>"Sign in", "utf8"=>"\342\234\223", "user"=>{"company_id"=>"one", "password"=>"password123", "email"=>"foo3@foo.com"}} and HTTP headers {}
REQUESTING PAGE: POST /users/sign_in with {"commit"=>"Sign in", "utf8"=>"\342\234\223", "user"=>{"company_id"=>"one", "password"=>"password123", "email"=>"foo1@foo.com"}} and HTTP headers {}
REQUESTING PAGE: POST /users/sign_in with {"commit"=>"Sign in", "utf8"=>"\342\234\223", "user"=>{"company_id"=>"one", "password"=>"password123", "email"=>"foo3@foo.com"}} and HTTP headers {}
REQUESTING PAGE: POST /users/sign_in with {"commit"=>"Sign in", "utf8"=>"\342\234\223", "user"=>{"company_id"=>"one", "password"=>"password123", "email"=>"foo1@foo.com"}} and HTTP headers {}
REQUESTING PAGE: POST /users/sign_in with {"commit"=>"Sign in", "utf8"=>"\342\234\223", "user"=>{"company_id"=>"one", "password"=>"password123", "email"=>"foo3@foo.com"}} and HTTP headers {}
REQUESTING PAGE: POST /users/sign_in with {"commit"=>"Sign in", "utf8"=>"\342\234\223", "user"=>{"company_id"=>"one", "password"=>"password123", "email"=>"foo1@foo.com"}} and HTTP headers {}
REQUESTING PAGE: POST /users/sign_in with {"commit"=>"Sign in", "utf8"=>"\342\234\223", "user"=>{"company_id"=>"one", "password"=>"password123", "email"=>"foo3@foo.com"}} and HTTP headers {}
REQUESTING PAGE: POST /users/sign_in with {"commit"=>"Sign in", "utf8"=>"\342\234\223", "user"=>{"company_id"=>"one", "password"=>"password123", "email"=>"foo1@foo.com"}} and HTTP headers {}
REQUESTING PAGE: POST /users/sign_in with {"commit"=>"Sign in", "utf8"=>"\342\234\223", "user"=>{"company_id"=>"one", "password"=>"password123", "email"=>"foo3@foo.com"}} and HTTP headers {}
REQUESTING PAGE: POST /users/sign_in with {"commit"=>"Sign in", "utf8"=>"\342\234\223", "user"=>{"company_id"=>"one", "password"=>"password123", "email"=>"foo1@foo.com"}} and HTTP headers {}
REQUESTING PAGE: POST /users/sign_in with {"commit"=>"Sign in", "utf8"=>"\342\234\223", "user"=>{"company_id"=>"one", "password"=>"password123", "email"=>"foo3@foo.com"}} and HTTP headers {}
REQUESTING PAGE: POST /users/sign_in with {"commit"=>"Sign in", "utf8"=>"\342\234\223", "user"=>{"company_id"=>"one", "password"=>"password123", "email"=>"foo1@foo.com"}} and HTTP headers {}
REQUESTING PAGE: POST /users/sign_in with {"commit"=>"Sign in", "utf8"=>"\342\234\223", "user"=>{"company_id"=>"one", "password"=>"password123", "email"=>"foo3@foo.com"}} and HTTP headers {}
REQUESTING PAGE: POST /users/sign_in with {"commit"=>"Sign in", "utf8"=>"\342\234\223", "user"=>{"company_id"=>"one", "password"=>"password123", "email"=>"foo1@foo.com"}} and HTTP headers {}
REQUESTING PAGE: POST /users/sign_in with {"commit"=>"Sign in", "utf8"=>"\342\234\223", "user"=>{"company_id"=>"one", "password"=>"password123", "email"=>"foo3@foo.com"}} and HTTP headers {}
REQUESTING PAGE: POST /users/sign_in with {"commit"=>"Sign in", "utf8"=>"\342\234\223", "user"=>{"company_id"=>"one", "password"=>"password123", "email"=>"foo1@foo.com"}} and HTTP headers {}
REQUESTING PAGE: POST /users/sign_in with {"commit"=>"Sign in", "utf8"=>"\342\234\223", "user"=>{"company_id"=>"one", "password"=>"password123", "email"=>"foo3@foo.com"}} and HTTP headers {}
REQUESTING PAGE: POST /users/sign_in with {"commit"=>"Sign in", "utf8"=>"\342\234\223", "user"=>{"company_id"=>"one", "password"=>"password123", "email"=>"foo1@foo.com"}} and HTTP headers {}
REQUESTING PAGE: POST /users/sign_in with {"commit"=>"Sign in", "utf8"=>"\342\234\223", "user"=>{"company_id"=>"one", "password"=>"password123", "email"=>"foo3@foo.com"}} and HTTP headers {}
REQUESTING PAGE: POST /users/sign_in with {"commit"=>"Sign in", "utf8"=>"\342\234\223", "user"=>{"company_id"=>"one", "password"=>"password123", "email"=>"foo1@foo.com"}} and HTTP headers {}
REQUESTING PAGE: POST /users/sign_in with {"commit"=>"Sign in", "utf8"=>"\342\234\223", "user"=>{"company_id"=>"one", "password"=>"password123", "email"=>"foo3@foo.com"}} and HTTP headers {}
REQUESTING PAGE: POST /users/sign_in with {"commit"=>"Sign in", "utf8"=>"\342\234\223", "user"=>{"company_id"=>"one", "password"=>"password123", "email"=>"foo1@foo.com"}} and HTTP headers {}
REQUESTING PAGE: POST /users/sign_in with {"commit"=>"Sign in", "utf8"=>"\342\234\223", "user"=>{"company_id"=>"one", "password"=>"password123", "email"=>"foo3@foo.com"}} and HTTP headers {}
REQUESTING PAGE: POST /users/sign_in with {"commit"=>"Sign in", "utf8"=>"\342\234\223", "user"=>{"company_id"=>"one", "password"=>"password123", "email"=>"foo1@foo.com"}} and HTTP headers {}
REQUESTING PAGE: POST /users/sign_in with {"commit"=>"Sign in", "utf8"=>"\342\234\223", "user"=>{"company_id"=>"one", "password"=>"password123", "email"=>"foo3@foo.com"}} and HTTP headers {}
REQUESTING PAGE: POST /users/sign_in with {"commit"=>"Sign in", "utf8"=>"\342\234\223", "user"=>{"company_id"=>"one", "password"=>"password123", "email"=>"foo1@foo.com"}} and HTTP headers {}
REQUESTING PAGE: POST /users/sign_in with {"commit"=>"Sign in", "utf8"=>"\342\234\223", "user"=>{"company_id"=>"one", "password"=>"password123", "email"=>"foo3@foo.com"}} and HTTP headers {}
REQUESTING PAGE: POST /users/sign_in with {"commit"=>"Sign in", "utf8"=>"\342\234\223", "user"=>{"company_id"=>"one", "password"=>"password123", "email"=>"test@test.com"}} and HTTP headers {}
REQUESTING PAGE: POST /users/sign_in with {"commit"=>"Sign in", "utf8"=>"\342\234\223", "user"=>{"company_id"=>"one", "password"=>"password123", "email"=>"test@test.com"}} and HTTP headers {}
REQUESTING PAGE: POST /users/sign_in with {"commit"=>"Sign in", "utf8"=>"\342\234\223", "user"=>{"company_id"=>"one", "password"=>"password123", "email"=>"test@test.com"}} and HTTP headers {}
REQUESTING PAGE: POST /users/sign_in with {"commit"=>"Sign in", "utf8"=>"\342\234\223", "user"=>{"company_id"=>"one", "password"=>"password123", "email"=>"test@test.com"}} and HTTP headers {}
REQUESTING PAGE: POST /users/sign_in with {"commit"=>"Sign in", "utf8"=>"\342\234\223", "user"=>{"company_id"=>"one", "password"=>"password123", "email"=>"test@test.com"}} and HTTP headers {}
REQUESTING PAGE: POST /users/sign_in with {"commit"=>"Sign in", "utf8"=>"\342\234\223", "user"=>{"company_id"=>"one", "password"=>"password123", "email"=>"test@test.com"}} and HTTP headers {}
REQUESTING PAGE: POST /users/sign_in with {"commit"=>"Sign in", "utf8"=>"\342\234\223", "user"=>{"company_id"=>"one", "password"=>"password123", "email"=>"test@test.com"}} and HTTP headers {}
REQUESTING PAGE: POST /users/sign_in with {"commit"=>"Sign in", "utf8"=>"\342\234\223", "user"=>{"company_id"=>"one", "password"=>"password123", "email"=>"test@test.com"}} and HTTP headers {}
REQUESTING PAGE: POST /users/sign_in with {"commit"=>"Sign in", "utf8"=>"\342\234\223", "user"=>{"company_id"=>"one", "password"=>"password123", "email"=>"test@test.com"}} and HTTP headers {}
REQUESTING PAGE: POST /users/sign_in with {"commit"=>"Sign in", "utf8"=>"\342\234\223", "user"=>{"company_id"=>"one", "password"=>"password123", "email"=>"test@test.com"}} and HTTP headers {}
REQUESTING PAGE: POST /users/sign_in with {"commit"=>"Sign in", "utf8"=>"\342\234\223", "user"=>{"company_id"=>"one", "password"=>"password123", "email"=>"test@test.com"}} and HTTP headers {}
REQUESTING PAGE: POST /users/sign_in with {"commit"=>"Sign in", "utf8"=>"\342\234\223", "user"=>{"company_id"=>"one", "password"=>"password123", "email"=>"test@test.com"}} and HTTP headers {}
REQUESTING PAGE: POST /users/sign_in with {"commit"=>"Sign in", "utf8"=>"\342\234\223", "user"=>{"company_id"=>"one", "password"=>"password123", "email"=>"test@test.com"}} and HTTP headers {}
REQUESTING PAGE: POST /users/sign_in with {"commit"=>"Sign in", "utf8"=>"\342\234\223", "user"=>{"company_id"=>"one", "password"=>"password123", "email"=>"test@test.com"}} and HTTP headers {}
REQUESTING PAGE: POST /users/sign_in with {"commit"=>"Sign in", "utf8"=>"\342\234\223", "user"=>{"company_id"=>"foo1", "password"=>"password123", "email"=>"foo1@foo.com"}} and HTTP headers {}
REQUESTING PAGE: POST /users/sign_in with {"commit"=>"Sign in", "utf8"=>"\342\234\223", "user"=>{"company_id"=>"foo3", "password"=>"password123", "email"=>"foo3@foo.com"}} and HTTP headers {}
REQUESTING PAGE: POST /users/sign_in with {"commit"=>"Sign in", "utf8"=>"\342\234\223", "user"=>{"company_id"=>"one", "password"=>"password123", "email"=>"test@test.com"}} and HTTP headers {}
REQUESTING PAGE: POST /users/sign_in with {"commit"=>"Sign in", "utf8"=>"\342\234\223", "user"=>{"company_id"=>"one", "password"=>"password123", "email"=>"test@test.com"}} and HTTP headers {}
REQUESTING PAGE: POST /users/sign_in with {"commit"=>"Sign in", "utf8"=>"\342\234\223", "user"=>{"company_id"=>"one", "password"=>"password123", "email"=>"test@test.com"}} and HTTP headers {}
REQUESTING PAGE: POST /users/sign_in with {"commit"=>"Sign in", "utf8"=>"\342\234\223", "user"=>{"company_id"=>"one", "password"=>"password123", "email"=>"test@test.com"}} and HTTP headers {}
REQUESTING PAGE: POST /users/sign_in with {"commit"=>"Sign in", "utf8"=>"\342\234\223", "user"=>{"company_id"=>"one", "password"=>"password123", "email"=>"test@test.com"}} and HTTP headers {}
REQUESTING PAGE: POST /users/sign_in with {"commit"=>"Sign in", "utf8"=>"\342\234\223", "user"=>{"company_id"=>"one", "password"=>"password123", "email"=>"test@test.com"}} and HTTP headers {}
REQUESTING PAGE: POST /users/sign_in with {"commit"=>"Sign in", "utf8"=>"\342\234\223", "user"=>{"company_id"=>"one", "password"=>"password123", "email"=>"test@test.com"}} and HTTP headers {}
REQUESTING PAGE: POST /users/sign_in with {"commit"=>"Sign in", "utf8"=>"\342\234\223", "user"=>{"company_id"=>"one", "password"=>"password123", "email"=>"test@test.com"}} and HTTP headers {}
REQUESTING PAGE: POST /users/sign_in with {"commit"=>"Sign in", "utf8"=>"\342\234\223", "user"=>{"company_id"=>"one", "password"=>"password123", "email"=>"test@test.com"}} and HTTP headers {}
REQUESTING PAGE: POST /users/sign_in with {"commit"=>"Sign in", "utf8"=>"\342\234\223", "user"=>{"company_id"=>"one", "password"=>"password123", "email"=>"test@test.com"}} and HTTP headers {}
REQUESTING PAGE: POST /users/sign_in with {"commit"=>"Sign in", "utf8"=>"\342\234\223", "user"=>{"company_id"=>"one", "password"=>"password123", "email"=>"test@test.com"}} and HTTP headers {}
REQUESTING PAGE: POST /users/sign_in with {"commit"=>"Sign in", "utf8"=>"\342\234\223", "user"=>{"company_id"=>"one", "password"=>"password123", "email"=>"test@test.com"}} and HTTP headers {}
REQUESTING PAGE: POST /users/sign_in with {"commit"=>"Sign in", "utf8"=>"\342\234\223", "user"=>{"company_id"=>"one", "password"=>"password123", "email"=>"test@test.com"}} and HTTP headers {}
REQUESTING PAGE: POST /users/sign_in with {"commit"=>"Sign in", "utf8"=>"\342\234\223", "user"=>{"company_id"=>"one", "password"=>"password123", "email"=>"test@test.com"}} and HTTP headers {}
REQUESTING PAGE: POST /users/sign_in with {"commit"=>"Sign in", "utf8"=>"\342\234\223", "user"=>{"company_id"=>"one", "password"=>"password123", "email"=>"test@test.com"}} and HTTP headers {}
REQUESTING PAGE: POST /users/sign_in with {"commit"=>"Sign in", "utf8"=>"\342\234\223", "user"=>{"company_id"=>"one", "password"=>"password123", "email"=>"test@test.com"}} and HTTP headers {}
REQUESTING PAGE: POST /users/sign_in with {"commit"=>"Sign in", "utf8"=>"\342\234\223", "user"=>{"company_id"=>"one", "password"=>"password123", "email"=>"test@test.com"}} and HTTP headers {}
REQUESTING PAGE: POST /users/sign_in with {"commit"=>"Sign in", "utf8"=>"\342\234\223", "user"=>{"company_id"=>"one", "password"=>"password123", "email"=>"test@test.com"}} and HTTP headers {}
REQUESTING PAGE: POST /users/sign_in with {"commit"=>"Sign in", "utf8"=>"\342\234\223", "user"=>{"company_id"=>"one", "password"=>"password123", "email"=>"test@test.com"}} and HTTP headers {}
REQUESTING PAGE: POST /users/sign_in with {"commit"=>"Sign in", "utf8"=>"\342\234\223", "user"=>{"company_id"=>"one", "password"=>"password123", "email"=>"test@test.com"}} and HTTP headers {}
REQUESTING PAGE: POST /users/sign_in with {"commit"=>"Sign in", "utf8"=>"\342\234\223", "user"=>{"company_id"=>"one", "password"=>"password123", "email"=>"test@test.com"}} and HTTP headers {}
REQUESTING PAGE: POST /users/sign_in with {"commit"=>"Sign in", "utf8"=>"\342\234\223", "user"=>{"company_id"=>"one", "password"=>"password123", "email"=>"test@test.com"}} and HTTP headers {}
REQUESTING PAGE: POST /users/sign_in with {"commit"=>"Sign in", "utf8"=>"\342\234\223", "user"=>{"company_id"=>"one", "password"=>"password123", "email"=>"test@test.com"}} and HTTP headers {}
REQUESTING PAGE: POST /users/sign_in with {"commit"=>"Sign in", "utf8"=>"\342\234\223", "user"=>{"company_id"=>"one", "password"=>"password123", "email"=>"test@test.com"}} and HTTP headers {}
REQUESTING PAGE: POST /users/sign_in with {"commit"=>"Sign in", "utf8"=>"\342\234\223", "user"=>{"company_id"=>"one", "password"=>"password123", "email"=>"test@test.com"}} and HTTP headers {}
REQUESTING PAGE: POST /users/sign_in with {"commit"=>"Sign in", "utf8"=>"\342\234\223", "user"=>{"company_id"=>"one", "password"=>"password123", "email"=>"test@test.com"}} and HTTP headers {}
REQUESTING PAGE: POST /users/sign_in with {"commit"=>"Sign in", "utf8"=>"\342\234\223", "user"=>{"company_id"=>"one", "password"=>"password123", "email"=>"test@test.com"}} and HTTP headers {}
REQUESTING PAGE: POST /users/sign_in with {"commit"=>"Sign in", "utf8"=>"\342\234\223", "user"=>{"company_id"=>"one", "password"=>"password123", "email"=>"test@test.com"}} and HTTP headers {}
REQUESTING PAGE: POST /users/sign_in with {"commit"=>"Sign in", "utf8"=>"\342\234\223", "user"=>{"company_id"=>"one", "password"=>"password123", "email"=>"test@test.com"}} and HTTP headers {}
REQUESTING PAGE: POST /users/sign_in with {"commit"=>"Sign in", "utf8"=>"\342\234\223", "user"=>{"company_id"=>"one", "password"=>"password123", "email"=>"test@test.com"}} and HTTP headers {}
REQUESTING PAGE: POST /users/sign_in with {"commit"=>"Sign in", "utf8"=>"\342\234\223", "user"=>{"company_id"=>"one", "password"=>"password123", "email"=>"test@test.com"}} and HTTP headers {}
REQUESTING PAGE: POST /users/sign_in with {"commit"=>"Sign in", "utf8"=>"\342\234\223", "user"=>{"company_id"=>"one", "password"=>"password123", "email"=>"test@test.com"}} and HTTP headers {}
REQUESTING PAGE: POST /users/sign_in with {"commit"=>"Sign in", "utf8"=>"\342\234\223", "user"=>{"company_id"=>"one", "password"=>"password123", "email"=>"test@test.com"}} and HTTP headers {}
REQUESTING PAGE: POST /users/sign_in with {"commit"=>"Sign in", "utf8"=>"\342\234\223", "user"=>{"company_id"=>"one", "password"=>"password123", "email"=>"test@test.com"}} and HTTP headers {}
REQUESTING PAGE: POST /users/sign_in with {"commit"=>"Sign in", "utf8"=>"\342\234\223", "user"=>{"company_id"=>"one", "password"=>"password123", "email"=>"test@test.com"}} and HTTP headers {}
REQUESTING PAGE: POST /users/sign_in with {"commit"=>"Sign in", "utf8"=>"\342\234\223", "user"=>{"company_id"=>"one", "password"=>"password123", "email"=>"test@test.com"}} and HTTP headers {}
REQUESTING PAGE: POST /users/sign_in with {"commit"=>"Sign in", "utf8"=>"\342\234\223", "user"=>{"company_id"=>"one", "password"=>"password123", "email"=>"test@test.com"}} and HTTP headers {}
REQUESTING PAGE: POST /users/sign_in with {"commit"=>"Sign in", "utf8"=>"\342\234\223", "user"=>{"company_id"=>"one", "password"=>"password123", "email"=>"test@test.com"}} and HTTP headers {}
REQUESTING PAGE: POST /users/sign_in with {"commit"=>"Sign in", "utf8"=>"\342\234\223", "user"=>{"company_id"=>"one", "password"=>"password123", "email"=>"test@test.com"}} and HTTP headers {}
REQUESTING PAGE: POST /users/sign_in with {"commit"=>"Sign in", "utf8"=>"\342\234\223", "user"=>{"company_id"=>"one", "password"=>"password123", "email"=>"test@test.com"}} and HTTP headers {}
REQUESTING PAGE: POST /users/sign_in with {"commit"=>"Sign in", "utf8"=>"\342\234\223", "user"=>{"company_id"=>"one", "password"=>"password123", "email"=>"test@test.com"}} and HTTP headers {}
REQUESTING PAGE: POST /users/sign_in with {"commit"=>"Sign in", "utf8"=>"\342\234\223", "user"=>{"company_id"=>"one", "password"=>"password123", "email"=>"test@test.com"}} and HTTP headers {}
REQUESTING PAGE: POST /users/sign_in with {"commit"=>"Sign in", "utf8"=>"\342\234\223", "user"=>{"company_id"=>"one", "password"=>"password123", "email"=>"test@test.com"}} and HTTP headers {}
REQUESTING PAGE: POST /users/sign_in with {"commit"=>"Sign in", "utf8"=>"\342\234\223", "user"=>{"company_id"=>"one", "password"=>"password123", "email"=>"test@test.com"}} and HTTP headers {}
REQUESTING PAGE: POST /users/sign_in with {"commit"=>"Sign in", "utf8"=>"\342\234\223", "user"=>{"company_id"=>"one", "password"=>"password123", "email"=>"test@test.com"}} and HTTP headers {}
REQUESTING PAGE: POST /users/sign_in with {"commit"=>"Sign in", "utf8"=>"\342\234\223", "user"=>{"company_id"=>"one", "password"=>"password123", "email"=>"test@test.com"}} and HTTP headers {}
REQUESTING PAGE: POST /users/sign_in with {"commit"=>"Sign in", "utf8"=>"\342\234\223", "user"=>{"company_id"=>"one", "password"=>"password123", "email"=>"test@test.com"}} and HTTP headers {}
REQUESTING PAGE: POST /users/sign_in with {"commit"=>"Sign in", "utf8"=>"\342\234\223", "user"=>{"company_id"=>"one", "password"=>"password123", "email"=>"test@test.com"}} and HTTP headers {}
REQUESTING PAGE: POST /users/sign_in with {"commit"=>"Sign in", "utf8"=>"\342\234\223", "user"=>{"company_id"=>"one", "password"=>"password123", "email"=>"test@test.com"}} and HTTP headers {}
REQUESTING PAGE: POST /users/sign_in with {"commit"=>"Sign in", "utf8"=>"\342\234\223", "user"=>{"company_id"=>"one", "password"=>"password123", "email"=>"test@test.com"}} and HTTP headers {}
REQUESTING PAGE: POST /users/sign_in with {"commit"=>"Sign in", "utf8"=>"\342\234\223", "user"=>{"company_id"=>"one", "password"=>"password123", "email"=>"test@test.com"}} and HTTP headers {}
REQUESTING PAGE: POST /users/sign_in with {"commit"=>"Sign in", "utf8"=>"\342\234\223", "user"=>{"company_id"=>"one", "password"=>"password123", "email"=>"test@test.com"}} and HTTP headers {}
REQUESTING PAGE: POST /users/sign_in with {"commit"=>"Sign in", "utf8"=>"\342\234\223", "user"=>{"company_id"=>"one", "password"=>"password123", "email"=>"test@test.com"}} and HTTP headers {}
REQUESTING PAGE: POST /users/sign_in with {"commit"=>"Sign in", "utf8"=>"\342\234\223", "user"=>{"company_id"=>"one", "password"=>"password123", "email"=>"test@test.com"}} and HTTP headers {}
REQUESTING PAGE: POST /users/sign_in with {"commit"=>"Sign in", "utf8"=>"\342\234\223", "user"=>{"company_id"=>"one", "password"=>"password123", "email"=>"test@test.com"}} and HTTP headers {}
REQUESTING PAGE: POST /users/sign_in with {"commit"=>"Sign in", "utf8"=>"\342\234\223", "user"=>{"company_id"=>"one", "password"=>"password123", "email"=>"test@test.com"}} and HTTP headers {}
REQUESTING PAGE: POST /users/sign_in with {"commit"=>"Sign in", "utf8"=>"\342\234\223", "user"=>{"company_id"=>"one", "password"=>"password123", "email"=>"test@test.com"}} and HTTP headers {}
REQUESTING PAGE: POST /users/sign_in with {"commit"=>"Sign in", "utf8"=>"\342\234\223", "user"=>{"company_id"=>"one", "password"=>"password123", "email"=>"test@test.com"}} and HTTP headers {}
REQUESTING PAGE: POST /users/sign_in with {"commit"=>"Sign in", "utf8"=>"\342\234\223", "user"=>{"company_id"=>"one", "password"=>"password123", "email"=>"test@test.com"}} and HTTP headers {}
REQUESTING PAGE: POST /users/sign_in with {"commit"=>"Sign in", "utf8"=>"\342\234\223", "user"=>{"company_id"=>"one", "password"=>"password123", "email"=>"test@test.com"}} and HTTP headers {}
REQUESTING PAGE: POST /users/sign_in with {"commit"=>"Sign in", "utf8"=>"\342\234\223", "user"=>{"company_id"=>"one", "password"=>"password123", "email"=>"test@test.com"}} and HTTP headers {}
REQUESTING PAGE: POST /users/sign_in with {"commit"=>"Sign in", "utf8"=>"\342\234\223", "user"=>{"company_id"=>"one", "password"=>"password123", "email"=>"test@test.com"}} and HTTP headers {}
REQUESTING PAGE: POST /users/sign_in with {"commit"=>"Sign in", "utf8"=>"\342\234\223", "user"=>{"company_id"=>"one", "password"=>"password123", "email"=>"test@test.com"}} and HTTP headers {}
REQUESTING PAGE: POST /users/sign_in with {"commit"=>"Sign in", "utf8"=>"\342\234\223", "user"=>{"company_id"=>"one", "password"=>"password123", "email"=>"test@test.com"}} and HTTP headers {}
REQUESTING PAGE: POST /users/sign_in with {"commit"=>"Sign in", "utf8"=>"\342\234\223", "user"=>{"company_id"=>"one", "password"=>"password123", "email"=>"test@test.com"}} and HTTP headers {}
REQUESTING PAGE: POST /users/sign_in with {"commit"=>"Sign in", "utf8"=>"\342\234\223", "user"=>{"company_id"=>"one", "password"=>"password123", "email"=>"test@test.com"}} and HTTP headers {}
REQUESTING PAGE: POST /users/sign_in with {"commit"=>"Sign in", "utf8"=>"\342\234\223", "user"=>{"company_id"=>"one", "password"=>"password123", "email"=>"test@test.com"}} and HTTP headers {}
REQUESTING PAGE: POST /users/sign_in with {"commit"=>"Sign in", "utf8"=>"\342\234\223", "user"=>{"company_id"=>"one", "password"=>"password123", "email"=>"test@test.com"}} and HTTP headers {}
REQUESTING PAGE: POST /users/sign_in with {"commit"=>"Sign in", "utf8"=>"\342\234\223", "user"=>{"company_id"=>"one", "password"=>"password123", "email"=>"test@test.com"}} and HTTP headers {}
REQUESTING PAGE: POST /users/sign_in with {"commit"=>"Sign in", "utf8"=>"\342\234\223", "user"=>{"company_id"=>"one", "password"=>"password123", "email"=>"test@test.com"}} and HTTP headers {}
REQUESTING PAGE: POST /users/sign_in with {"commit"=>"Sign in", "utf8"=>"\342\234\223", "user"=>{"company_id"=>"one", "password"=>"password123", "email"=>"test@test.com"}} and HTTP headers {}
REQUESTING PAGE: POST /users/sign_in with {"commit"=>"Sign in", "utf8"=>"\342\234\223", "user"=>{"company_id"=>"one", "password"=>"password123", "email"=>"test@test.com"}} and HTTP headers {}
REQUESTING PAGE: POST /users/sign_in with {"commit"=>"Sign in", "utf8"=>"\342\234\223", "user"=>{"company_id"=>"one", "password"=>"password123", "email"=>"test@test.com"}} and HTTP headers {}
REQUESTING PAGE: POST /users/sign_in with {"commit"=>"Sign in", "utf8"=>"\342\234\223", "user"=>{"company_id"=>"one", "password"=>"password123", "email"=>"test@test.com"}} and HTTP headers {}
REQUESTING PAGE: POST /users/sign_in with {"commit"=>"Sign in", "utf8"=>"\342\234\223", "user"=>{"company_id"=>"one", "password"=>"password123", "email"=>"test@test.com"}} and HTTP headers {}
REQUESTING PAGE: POST /users/sign_in with {"commit"=>"Sign in", "utf8"=>"\342\234\223", "user"=>{"company_id"=>"one", "password"=>"password123", "email"=>"test@test.com"}} and HTTP headers {}
REQUESTING PAGE: POST /users/sign_in with {"commit"=>"Sign in", "utf8"=>"\342\234\223", "user"=>{"company_id"=>"one", "password"=>"password123", "email"=>"test@test.com"}} and HTTP headers {}
REQUESTING PAGE: POST /users/sign_in with {"commit"=>"Sign in", "utf8"=>"\342\234\223", "user"=>{"company_id"=>"one", "password"=>"password123", "email"=>"test@test.com"}} and HTTP headers {}
REQUESTING PAGE: POST /users/sign_in with {"commit"=>"Sign in", "utf8"=>"\342\234\223", "user"=>{"company_id"=>"one", "password"=>"password123", "email"=>"test@test.com"}} and HTTP headers {}
REQUESTING PAGE: POST /users/sign_in with {"commit"=>"Sign in", "utf8"=>"\342\234\223", "user"=>{"company_id"=>"one", "password"=>"password123", "email"=>"test@test.com"}} and HTTP headers {}
REQUESTING PAGE: POST /users/sign_in with {"commit"=>"Sign in", "utf8"=>"\342\234\223", "user"=>{"company_id"=>"one", "password"=>"password123", "email"=>"test@test.com"}} and HTTP headers {}
REQUESTING PAGE: POST /users/sign_in with {"commit"=>"Sign in", "utf8"=>"\342\234\223", "user"=>{"company_id"=>"one", "password"=>"password123", "email"=>"test@test.com"}} and HTTP headers {}
REQUESTING PAGE: POST /users/sign_in with {"commit"=>"Sign in", "utf8"=>"\342\234\223", "user"=>{"company_id"=>"one", "password"=>"password123", "email"=>"test@test.com"}} and HTTP headers {}
REQUESTING PAGE: POST /users/sign_in with {"commit"=>"Sign in", "utf8"=>"\342\234\223", "user"=>{"company_id"=>"one", "password"=>"password123", "email"=>"test@test.com"}} and HTTP headers {}
REQUESTING PAGE: POST /users/sign_in with {"commit"=>"Sign in", "utf8"=>"\342\234\223", "user"=>{"company_id"=>"one", "password"=>"password123", "email"=>"test@test.com"}} and HTTP headers {}
REQUESTING PAGE: POST /users/sign_in with {"commit"=>"Sign in", "utf8"=>"\342\234\223", "user"=>{"company_id"=>"one", "password"=>"password123", "email"=>"test@test.com"}} and HTTP headers {}
REQUESTING PAGE: POST /users/sign_in with {"commit"=>"Sign in", "utf8"=>"\342\234\223", "user"=>{"company_id"=>"one", "password"=>"password123", "email"=>"test@test.com"}} and HTTP headers {}
REQUESTING PAGE: POST /users/sign_in with {"commit"=>"Sign in", "utf8"=>"\342\234\223", "user"=>{"company_id"=>"one", "password"=>"password123", "email"=>"test@test.com"}} and HTTP headers {}
REQUESTING PAGE: POST /users/sign_in with {"commit"=>"Sign in", "utf8"=>"\342\234\223", "user"=>{"company_id"=>"one", "password"=>"password123", "email"=>"test@test.com"}} and HTTP headers {}
REQUESTING PAGE: POST /users/sign_in with {"commit"=>"Sign in", "utf8"=>"\342\234\223", "user"=>{"company_id"=>"one", "password"=>"password123", "email"=>"test@test.com"}} and HTTP headers {}
REQUESTING PAGE: POST /users/sign_in with {"commit"=>"Sign in", "utf8"=>"\342\234\223", "user"=>{"company_id"=>"one", "password"=>"password123", "email"=>"test@test.com"}} and HTTP headers {}
REQUESTING PAGE: POST /users/sign_in with {"commit"=>"Sign in", "utf8"=>"\342\234\223", "user"=>{"company_id"=>"one", "password"=>"password123", "email"=>"test@test.com"}} and HTTP headers {}
REQUESTING PAGE: POST /users/sign_in with {"commit"=>"Sign in", "utf8"=>"\342\234\223", "user"=>{"company_id"=>"one", "password"=>"password123", "email"=>"test@test.com"}} and HTTP headers {}
REQUESTING PAGE: POST /users/sign_in with {"commit"=>"Sign in", "utf8"=>"\342\234\223", "user"=>{"company_id"=>"one", "password"=>"password123", "email"=>"test@test.com"}} and HTTP headers {}
REQUESTING PAGE: POST /users/sign_in with {"commit"=>"Sign in", "utf8"=>"\342\234\223", "user"=>{"company_id"=>"one", "password"=>"password123", "email"=>"test@test.com"}} and HTTP headers {}
REQUESTING PAGE: POST /users/sign_in with {"commit"=>"Sign in", "utf8"=>"\342\234\223", "user"=>{"company_id"=>"one", "password"=>"password123", "email"=>"test@test.com"}} and HTTP headers {}
REQUESTING PAGE: POST /users/sign_in with {"commit"=>"Sign in", "utf8"=>"\342\234\223", "user"=>{"company_id"=>"one", "password"=>"password123", "email"=>"test@test.com"}} and HTTP headers {}
REQUESTING PAGE: POST /users/sign_in with {"commit"=>"Sign in", "utf8"=>"\342\234\223", "user"=>{"company_id"=>"one", "password"=>"password123", "email"=>"test@test.com"}} and HTTP headers {}
REQUESTING PAGE: POST /users/sign_in with {"commit"=>"Sign in", "utf8"=>"\342\234\223", "user"=>{"company_id"=>"one", "password"=>"password123", "email"=>"test@test.com"}} and HTTP headers {}
REQUESTING PAGE: POST /users/sign_in with {"commit"=>"Sign in", "utf8"=>"\342\234\223", "user"=>{"company_id"=>"one", "password"=>"password123", "email"=>"test@test.com"}} and HTTP headers {}
REQUESTING PAGE: POST /users/sign_in with {"commit"=>"Sign in", "utf8"=>"\342\234\223", "user"=>{"company_id"=>"one", "password"=>"password123", "email"=>"test@test.com"}} and HTTP headers {}
REQUESTING PAGE: POST /users/sign_in with {"commit"=>"Sign in", "utf8"=>"\342\234\223", "user"=>{"company_id"=>"one", "password"=>"password123", "email"=>"test@test.com"}} and HTTP headers {}
REQUESTING PAGE: POST /users/sign_in with {"commit"=>"Sign in", "utf8"=>"\342\234\223", "user"=>{"company_id"=>"one", "password"=>"password123", "email"=>"test@test.com"}} and HTTP headers {}
REQUESTING PAGE: POST /users/sign_in with {"commit"=>"Sign in", "utf8"=>"\342\234\223", "user"=>{"company_id"=>"one", "password"=>"password123", "email"=>"test@test.com"}} and HTTP headers {}
REQUESTING PAGE: POST /users/sign_in with {"commit"=>"Sign in", "utf8"=>"\342\234\223", "user"=>{"company_id"=>"one", "password"=>"password123", "email"=>"test@test.com"}} and HTTP headers {}
REQUESTING PAGE: POST /users/sign_in with {"commit"=>"Sign in", "utf8"=>"\342\234\223", "user"=>{"company_id"=>"one", "password"=>"password123", "email"=>"test@test.com"}} and HTTP headers {}
REQUESTING PAGE: POST /users/sign_in with {"commit"=>"Sign in", "utf8"=>"\342\234\223", "user"=>{"company_id"=>"one", "password"=>"password123", "email"=>"test@test.com"}} and HTTP headers {}
REQUESTING PAGE: POST /users/sign_in with {"commit"=>"Sign in", "utf8"=>"\342\234\223", "user"=>{"company_id"=>"one", "password"=>"password123", "email"=>"test@test.com"}} and HTTP headers {}
REQUESTING PAGE: POST /users/sign_in with {"commit"=>"Sign in", "utf8"=>"\342\234\223", "user"=>{"company_id"=>"one", "password"=>"password123", "email"=>"test@test.com"}} and HTTP headers {}
REQUESTING PAGE: POST /users/sign_in with {"commit"=>"Sign in", "utf8"=>"\342\234\223", "user"=>{"company_id"=>"one", "password"=>"password123", "email"=>"test@test.com"}} and HTTP headers {}
REQUESTING PAGE: POST /users/sign_in with {"commit"=>"Sign in", "utf8"=>"\342\234\223", "user"=>{"company_id"=>"one", "password"=>"password123", "email"=>"test@test.com"}} and HTTP headers {}
REQUESTING PAGE: POST /users/sign_in with {"commit"=>"Sign in", "utf8"=>"\342\234\223", "user"=>{"company_id"=>"one", "password"=>"password123", "email"=>"test@test.com"}} and HTTP headers {}
REQUESTING PAGE: POST /users/sign_in with {"commit"=>"Sign in", "utf8"=>"\342\234\223", "user"=>{"company_id"=>"one", "password"=>"password123", "email"=>"test@test.com"}} and HTTP headers {}
REQUESTING PAGE: POST /users/sign_in with {"commit"=>"Sign in", "utf8"=>"\342\234\223", "user"=>{"company_id"=>"one", "password"=>"password123", "email"=>"test@test.com"}} and HTTP headers {}
REQUESTING PAGE: POST /users/sign_in with {"utf8"=>"\xE2\x9C\x93", "user"=>{"email"=>"test@test.com", "password"=>"password123", "company_id"=>"one"}, "commit"=>"Sign in"} and HTTP headers {}
REQUESTING PAGE: POST /users/sign_in with {"utf8"=>"\xE2\x9C\x93", "user"=>{"email"=>"test@test.com", "password"=>"password123", "company_id"=>"one"}, "commit"=>"Sign in"} and HTTP headers {}
REQUESTING PAGE: POST /users/sign_in with {"utf8"=>"\xE2\x9C\x93", "user"=>{"email"=>"test@test.com", "password"=>"password123", "company_id"=>"one"}, "commit"=>"Sign in"} and HTTP headers {}
REQUESTING PAGE: POST /users/sign_in with {"utf8"=>"\xE2\x9C\x93", "user"=>{"email"=>"test@test.com", "password"=>"password123", "company_id"=>"one"}, "commit"=>"Sign in"} and HTTP headers {}
REQUESTING PAGE: POST /users/sign_in with {"utf8"=>"\xE2\x9C\x93", "user"=>{"email"=>"test@test.com", "password"=>"password123", "company_id"=>"one"}, "commit"=>"Sign in"} and HTTP headers {}
REQUESTING PAGE: POST /users/sign_in with {"utf8"=>"\xE2\x9C\x93", "user"=>{"email"=>"test@test.com", "password"=>"password123", "company_id"=>"one"}, "commit"=>"Sign in"} and HTTP headers {}
REQUESTING PAGE: POST /users/sign_in with {"utf8"=>"\xE2\x9C\x93", "user"=>{"email"=>"test@test.com", "password"=>"password123", "company_id"=>"one"}, "commit"=>"Sign in"} and HTTP headers {}
REQUESTING PAGE: POST /users/sign_in with {"utf8"=>"\xE2\x9C\x93", "user"=>{"email"=>"test@test.com", "password"=>"password123", "company_id"=>"one"}, "commit"=>"Sign in"} and HTTP headers {}
